Determining if the pthread_create exist failed with the following output:
Change Dir: /home/ignasi/GitRepos/softlearning/cassie-gazebo-sim/plugin/build/CMakeFiles/CMakeTmp

Run Build Command:"/usr/bin/make" "cmTC_c948d/fast"
/usr/bin/make -f CMakeFiles/cmTC_c948d.dir/build.make CMakeFiles/cmTC_c948d.dir/build
make[1]: Entering directory '/home/ignasi/GitRepos/softlearning/cassie-gazebo-sim/plugin/build/CMakeFiles/CMakeTmp'
Building C object CMakeFiles/cmTC_c948d.dir/CheckSymbolExists.c.o
/usr/bin/cc     -o CMakeFiles/cmTC_c948d.dir/CheckSymbolExists.c.o   -c /home/ignasi/GitRepos/softlearning/cassie-gazebo-sim/plugin/build/CMakeFiles/CMakeTmp/CheckSymbolExists.c
Linking C executable cmTC_c948d
/usr/bin/cmake -E cmake_link_script CMakeFiles/cmTC_c948d.dir/link.txt --verbose=1
/usr/bin/cc       CMakeFiles/cmTC_c948d.dir/CheckSymbolExists.c.o  -o cmTC_c948d -rdynamic 
CMakeFiles/cmTC_c948d.dir/CheckSymbolExists.c.o: In function `main':
CheckSymbolExists.c:(.text+0x16): undefined reference to `pthread_create'
collect2: error: ld returned 1 exit status
CMakeFiles/cmTC_c948d.dir/build.make:97: recipe for target 'cmTC_c948d' failed
make[1]: *** [cmTC_c948d] Error 1
make[1]: Leaving directory '/home/ignasi/GitRepos/softlearning/cassie-gazebo-sim/plugin/build/CMakeFiles/CMakeTmp'
Makefile:126: recipe for target 'cmTC_c948d/fast' failed
make: *** [cmTC_c948d/fast] Error 2

File /home/ignasi/GitRepos/softlearning/cassie-gazebo-sim/plugin/build/CMakeFiles/CMakeTmp/CheckSymbolExists.c:
/* */
#include <pthread.h>

int main(int argc, char** argv)
{
  (void)argv;
#ifndef pthread_create
  return ((int*)(&pthread_create))[argc];
#else
  (void)argc;
  return 0;
#endif
}

Determining if the function pthread_create exists in the pthreads failed with the following output:
Change Dir: /home/ignasi/GitRepos/softlearning/cassie-gazebo-sim/plugin/build/CMakeFiles/CMakeTmp

Run Build Command:"/usr/bin/make" "cmTC_2eacf/fast"
/usr/bin/make -f CMakeFiles/cmTC_2eacf.dir/build.make CMakeFiles/cmTC_2eacf.dir/build
make[1]: Entering directory '/home/ignasi/GitRepos/softlearning/cassie-gazebo-sim/plugin/build/CMakeFiles/CMakeTmp'
Building C object CMakeFiles/cmTC_2eacf.dir/CheckFunctionExists.c.o
/usr/bin/cc    -DCHECK_FUNCTION_EXISTS=pthread_create   -o CMakeFiles/cmTC_2eacf.dir/CheckFunctionExists.c.o   -c /usr/share/cmake-3.5/Modules/CheckFunctionExists.c
Linking C executable cmTC_2eacf
/usr/bin/cmake -E cmake_link_script CMakeFiles/cmTC_2eacf.dir/link.txt --verbose=1
/usr/bin/cc   -DCHECK_FUNCTION_EXISTS=pthread_create    CMakeFiles/cmTC_2eacf.dir/CheckFunctionExists.c.o  -o cmTC_2eacf -rdynamic -lpthreads 
/usr/bin/ld: cannot find -lpthreads
collect2: error: ld returned 1 exit status
CMakeFiles/cmTC_2eacf.dir/build.make:97: recipe for target 'cmTC_2eacf' failed
make[1]: *** [cmTC_2eacf] Error 1
make[1]: Leaving directory '/home/ignasi/GitRepos/softlearning/cassie-gazebo-sim/plugin/build/CMakeFiles/CMakeTmp'
Makefile:126: recipe for target 'cmTC_2eacf/fast' failed
make: *** [cmTC_2eacf/fast] Error 2


